
ROM used: 204 (1%)
          204 (1%) including unused fragments

          0 Average locations per line
          9 Average locations per statement

RAM used: 5 (0%) at main() level
          7 (0%) worst case

Stack used: 1 worst case (out of 31 total available)

Lines Stmts  %   Files
----- ----- ---  -----
   81    22 100  01 teclado.c
  451     0   0  C:\Program Files (x86)\PICC\devices\18F4550.h
----- -----
  532    22 Total

Page ROM  %  RAM   Vol Diff  Functions:
---- --- --- ---   --- ----  ----------
0     40  10   1             @delay_ms1
0    160  39   1   560  4.8  main

Program metrics:
    Functions               1
    Statements              22
    Comments                109
    Volume (V)              562
    Difficilty (D)          4.7
    Effort to implement (E) 2636
    Time to implement (T)   2 minutes
    Est Delivered Bugs (B)  0
    Cyclomatic Complexity   1
    Maintainability (MI)    65

 Segment     Used  Free
-----------  ----  ----
00000-00002     4  0  
00004-07FFE   200  32564  



