
ROM used: 534 (2%)
          534 (2%) including unused fragments

          1 Average locations per line
          10 Average locations per statement

RAM used: 5 (0%) at main() level
          7 (0%) worst case

Stack used: 1 worst case (out of 31 total available)

Lines Stmts  %   Files
----- ----- ---  -----
  112    56 100  05 Display seg_2.c
  451     0   0  C:\Program Files (x86)\PICC\devices\18F4550.h
----- -----
  563    56 Total

Page ROM  %  RAM   Vol Diff  Functions:
---- --- --- ---   --- ----  ----------
0     40   4   1             @delay_ms1
0    490  46   1  1616  4.9  main

Program metrics:
    Functions               1
    Statements              56
    Comments                126
    Volume (V)              1619
    Difficilty (D)          4.9
    Effort to implement (E) 7884
    Time to implement (T)   7 minutes
    Est Delivered Bugs (B)  0
    Cyclomatic Complexity   1
    Maintainability (MI)    17

 Segment     Used  Free
-----------  ----  ----
00000-00002     4  0  
00004-07FFE   530  32234  



