
ROM used: 1134 (3%)
          1134 (3%) including unused fragments

          1 Average locations per line
          10 Average locations per statement

RAM used: 4 (0%) at main() level
          33 (2%) worst case

Stack used: 6 worst case (out of 31 total available)

Lines Stmts  %   Files
----- ----- ---  -----
   87    26  24  01 Analogico.c
  451     0   0  C:\Program Files (x86)\PICC\devices\18F4550.h
  359    84  76  C:\Program Files (x86)\PICC\drivers\lcd.c
----- -----
  897   110 Total

Page ROM  %  RAM   Vol Diff  Functions:
---- --- --- ---   --- ----  ----------
0     40   2   1             @delay_ms1
0     20   1   0   423  2.8  @const73
0     82   4   3   751  4.5  lcd_read_byte
0     82   4   2   254  3.7  lcd_read_nibble
0     70   3   1   391  2.4  lcd_send_nibble
0     64   3   3   313  3.4  lcd_send_byte
0    104   5   2   660  4.9  lcd_init
0     34   1   4   186  5.5  lcd_gotoxy
0     68   3   1   272  4.1  lcd_putc
0    210   9   0   707  3.3  MAIN
0     18   1   0             @const102
0     32   1   2             @PSTRINGC_93
0     12   1   0             @const104
0    122   5  13             @DIV3232
0    172   8  12             @PRINTF_L32U_93

Program metrics:
    Functions               9
    Statements              110
    Comments                198
    Volume (V)              6129
    Difficilty (D)          34.0
    Effort to implement (E) 208156
    Time to implement (T)   3 hours, 13 minutes
    Est Delivered Bugs (B)  1
    Cyclomatic Complexity   7
    Maintainability (MI)    138

 Segment     Used  Free
-----------  ----  ----
00000-00002     4  0  
00004-07FFE  1130  31634  



