
ROM used: 989 (97%)
          989 (97%) including unused fragments

          3 Average locations per line
          14 Average locations per statement

RAM used: 11 (17%) at main() level
          50 (78%) worst case

Stack used: 3 worst case (out of 8 total available)

Lines Stmts  %   Files
----- ----- ---  -----
   64    49  70  main.c
  217     0   0  12F675.h
   82    21  30  TONES.C
----- -----
  363    70 Total

Page ROM  %  RAM   Vol Diff  Functions:
---- --- --- ---   --- ----  ----------
0     20   2   1             @delay_ms1
 Inline        1             @delay_us1
0     12   1   0   282  3.2  @const57
0     12   1   0             @const61
0     12   1   0             @const65
0     12   1   0             @const67
0     12   1   0             @const71
0     45   5   5   285  4.3  do_delay
0    288  29  26   780  6.6  generate_tone
0     78   8  13             @DIV3232
0     37   4   5             @DIV1616
 Inline       13             @MUL3232
0    451  46   3  2017  6.9  MAIN

Program metrics:
    Functions               4
    Statements              70
    Comments                84
    Volume (V)              4252
    Difficilty (D)          20.2
    Effort to implement (E) 85814
    Time to implement (T)   1 hours, 19 minutes
    Est Delivered Bugs (B)  1
    Cyclomatic Complexity   5
    Maintainability (MI)    125

 Segment     Used  Free
-----------  ----  ----
00000-00003     4  0  
00004-003FF   985  35  



