
ROM used: 364 (1%)
          364 (1%) including unused fragments

          1 Average locations per line
          7 Average locations per statement

RAM used: 5 (0%) at main() level
          25 (1%) worst case

Stack used: 1 worst case (out of 31 total available)

Lines Stmts  %   Files
----- ----- ---  -----
  116    55 100  08 Display seg_6.c
  451     0   0  C:\Program Files (x86)\PICC\devices\18F4550.h
----- -----
  567    55 Total

Page ROM  %  RAM   Vol Diff  Functions:
---- --- --- ---   --- ----  ----------
0     40   5   1             @delay_ms1
0    282  39   1  2167  7.7  main
0     38   5   0             @goto10057

Program metrics:
    Functions               1
    Statements              55
    Comments                110
    Volume (V)              2173
    Difficilty (D)          7.6
    Effort to implement (E) 16413
    Time to implement (T)   15 minutes
    Est Delivered Bugs (B)  0
    Cyclomatic Complexity   7
    Maintainability (MI)    39

 Segment     Used  Free
-----------  ----  ----
00000-00002     4  0  
00004-07FFE   360  32404  



