
ROM used: 224 (1%)
          224 (1%) including unused fragments

          0 Average locations per line
          9 Average locations per statement

RAM used: 5 (0%) at main() level
          7 (0%) worst case

Stack used: 1 worst case (out of 31 total available)

Lines Stmts  %   Files
----- ----- ---  -----
   84    25 100  02 PB on off.c
  451     0   0  C:\Program Files (x86)\PICC\devices\18F4550.h
----- -----
  535    25 Total

Page ROM  %  RAM   Vol Diff  Functions:
---- --- --- ---   --- ----  ----------
0     40   9   1             @delay_ms1
0    180  40   1   721  5.8  main

Program metrics:
    Functions               1
    Statements              25
    Comments                107
    Volume (V)              723
    Difficilty (D)          5.7
    Effort to implement (E) 4115
    Time to implement (T)   4 minutes
    Est Delivered Bugs (B)  0
    Cyclomatic Complexity   3
    Maintainability (MI)    68

 Segment     Used  Free
-----------  ----  ----
00000-00002     4  0  
00004-07FFE   220  32544  



