CCS PCH C Compiler, Version 4.104, 5967               03-ene-15 13:14

               Filename: E:\SD\UTA\PICC\QL200\Ejemplo\10 LCD\LCD02.lst

               ROM used: 1124 bytes (3%)
                         Largest free fragment is 31644
               RAM used: 5 (0%) at main() level
                         33 (2%) worst case
               Stack:    6 locations

*
0000:  GOTO   0396
.................... #include <18F4550.h> 
.................... //////// Standard Header file for the PIC18F4550 device //////////////// 
.................... #device PIC18F4550 
.................... #list 
....................  
.................... #device adc=8 
....................  
.................... #FUSES NOWDT                     //No Watch Dog Timer 
.................... #FUSES WDT128                    //Watch Dog Timer uses 1:128 Postscale 
.................... #FUSES HSPLL        //cambio para frec      //External clock 
.................... #FUSES PROTECT                 //Code not protected from reading 
.................... #FUSES NOBROWNOUT                //No brownout reset 
.................... #FUSES BORV20                    //Brownout reset at 2.0V 
.................... #FUSES NOPUT                     //No Power Up Timer 
.................... #FUSES CPD                     //No EE protection 
.................... #FUSES STVREN                    //Stack full/underflow will cause reset 
.................... #FUSES NODEBUG                   //No Debug mode for ICD 
.................... #FUSES NOLVP                     //No low voltage prgming, B3(PIC16) or B5(PIC18) used for I/O 
.................... #FUSES NOWRT                     //Program memory not write protected 
.................... #FUSES NOWRTD                    //Data EEPROM not write protected 
.................... #FUSES NOIESO                      //Internal External Switch Over mode enabled 
.................... #FUSES NOFCMEN                     //Fail-safe clock monitor enabled 
.................... #FUSES PBADEN                    //PORTB pins are configured as analog input channels on RESET 
.................... #FUSES NOWRTC                    //configuration not registers write protected 
.................... #FUSES NOWRTB                    //Boot block not write protected 
.................... #FUSES NOEBTR                    //Memory not protected from table reads 
.................... #FUSES NOEBTRB                   //Boot block not protected from table reads 
.................... #FUSES NOCPB                     //No Boot Block code protection 
.................... #FUSES MCLR                      //Master Clear pin enabled 
.................... #FUSES LPT1OSC                   //Timer1 configured for low-power operation 
.................... #FUSES NOXINST                   //Extended set extension and Indexed Addressing mode disabled (Legacy mode) 
.................... #FUSES PLL1                //cambio para frec   //Divide By 12(48MHz oscillator input) 
.................... #FUSES CPUDIV1             //cambio para frec //System Clock by 4 
.................... #FUSES USBDIV                    //USB clock source comes from PLL divide by 2 
.................... #FUSES VREGEN                    //USB voltage regulator enabled 
.................... //#FUSES ICPRT                     //ICPRT enabled 
....................  
....................  
.................... #use delay(clock=48000000)//Frecuencia de reloj 
*
0030:  CLRF   FEA
0032:  MOVLW  16
0034:  MOVWF  FE9
0036:  MOVF   FEF,W
0038:  BZ    0056
003A:  MOVLW  0F
003C:  MOVWF  01
003E:  CLRF   00
0040:  DECFSZ 00,F
0042:  BRA    0040
0044:  DECFSZ 01,F
0046:  BRA    003E
0048:  MOVLW  8F
004A:  MOVWF  00
004C:  DECFSZ 00,F
004E:  BRA    004C
0050:  NOP   
0052:  DECFSZ FEF,F
0054:  BRA    003A
0056:  RETLW  00
....................  
....................  
....................     #define LCD_RS_PIN      PIN_A1 
....................     #define LCD_RW_PIN      PIN_A2 
....................     #define LCD_ENABLE_PIN  PIN_A3 
....................     #define LCD_DATA4       PIN_D4 
....................     #define LCD_DATA5       PIN_D5 
....................     #define LCD_DATA6       PIN_D6 
....................     #define LCD_DATA7       PIN_D7 
....................  
....................     #include "lcd.c" 
.................... /////////////////////////////////////////////////////////////////////////////// 
.................... ////                             LCD.C                                     //// 
.................... ////                 Driver for common LCD modules                         //// 
.................... ////                                                                       //// 
.................... ////  lcd_init()   Must be called before any other function.               //// 
.................... ////                                                                       //// 
.................... ////  lcd_putc(c)  Will display c on the next position of the LCD.         //// 
.................... ////                     The following have special meaning:               //// 
.................... ////                      \f  Clear display                                //// 
.................... ////                      \n  Go to start of second line                   //// 
.................... ////                      \b  Move back one position                       //// 
.................... ////                                                                       //// 
.................... ////  lcd_gotoxy(x,y) Set write position on LCD (upper left is 1,1)        //// 
.................... ////                                                                       //// 
.................... ////  lcd_getc(x,y)   Returns character at position x,y on LCD             //// 
.................... ////                                                                       //// 
.................... ////  CONFIGURATION                                                        //// 
.................... ////  The LCD can be configured in one of two ways: a.) port access or     //// 
.................... ////  b.) pin access.  Port access requires the entire 7 bit interface     //// 
.................... ////  connected to one GPIO port, and the data bits (D4:D7 of the LCD)     //// 
.................... ////  connected to sequential pins on the GPIO.  Pin access                //// 
.................... ////  has no requirements, all 7 bits of the control interface can         //// 
.................... ////  can be connected to any GPIO using several ports.                    //// 
.................... ////                                                                       //// 
.................... ////  To use port access, #define LCD_DATA_PORT to the SFR location of     //// 
.................... ////  of the GPIO port that holds the interface, -AND- edit LCD_PIN_MAP    //// 
.................... ////  of this file to configure the pin order.  If you are using a         //// 
.................... ////  baseline PIC (PCB), then LCD_OUTPUT_MAP and LCD_INPUT_MAP also must  //// 
.................... ////  be defined.                                                          //// 
.................... ////                                                                       //// 
.................... ////  Example of port access:                                              //// 
.................... ////     #define LCD_DATA_PORT getenv("SFR:PORTD")                         //// 
.................... ////                                                                       //// 
.................... ////  To use pin access, the following pins must be defined:               //// 
.................... ////     LCD_ENABLE_PIN                                                    //// 
.................... ////     LCD_RS_PIN                                                        //// 
.................... ////     LCD_RW_PIN                                                        //// 
.................... ////     LCD_DATA4                                                         //// 
.................... ////     LCD_DATA5                                                         //// 
.................... ////     LCD_DATA6                                                         //// 
.................... ////     LCD_DATA7                                                         //// 
.................... ////                                                                       //// 
.................... ////  Example of pin access:                                               //// 
.................... ////     #define LCD_ENABLE_PIN  PIN_E0                                    //// 
.................... ////     #define LCD_RS_PIN      PIN_E1                                    //// 
.................... ////     #define LCD_RW_PIN      PIN_E2                                    //// 
.................... ////     #define LCD_DATA4       PIN_D4                                    //// 
.................... ////     #define LCD_DATA5       PIN_D5                                    //// 
.................... ////     #define LCD_DATA6       PIN_D6                                    //// 
.................... ////     #define LCD_DATA7       PIN_D7                                    //// 
.................... ////                                                                       //// 
.................... /////////////////////////////////////////////////////////////////////////////// 
.................... ////        (C) Copyright 1996,2009 Custom Computer Services           //// 
.................... //// This source code may only be used by licensed users of the CCS C  //// 
.................... //// compiler.  This source code may only be distributed to other      //// 
.................... //// licensed users of the CCS C compiler.  No other use, reproduction //// 
.................... //// or distribution is permitted without written permission.          //// 
.................... //// Derivative programs created using this software in object code    //// 
.................... //// form are not restricted in any way.                               //// 
.................... /////////////////////////////////////////////////////////////////////////// 
....................  
.................... // define the pinout. 
.................... // only required if port access is being used. 
.................... typedef struct   
.................... {                            // This structure is overlayed 
....................    BOOLEAN enable;           // on to an I/O port to gain 
....................    BOOLEAN rs;               // access to the LCD pins. 
....................    BOOLEAN rw;               // The bits are allocated from 
....................    BOOLEAN unused;           // low order up.  ENABLE will 
....................    int     data : 4;         // be LSB pin of that port. 
....................   #if defined(__PCD__)       // The port used will be LCD_DATA_PORT. 
....................    int    reserved: 8; 
....................   #endif 
.................... } LCD_PIN_MAP; 
....................  
.................... // this is to improve compatability with previous LCD drivers that accepted 
.................... // a define labeled 'use_portb_lcd' that configured the LCD onto port B. 
.................... #if ((defined(use_portb_lcd)) && (use_portb_lcd==TRUE)) 
....................  #define LCD_DATA_PORT getenv("SFR:PORTB") 
.................... #endif 
....................  
.................... #if defined(__PCB__) 
....................    // these definitions only need to be modified for baseline PICs. 
....................    // all other PICs use LCD_PIN_MAP or individual LCD_xxx pin definitions. 
.................... /*                                    EN, RS,   RW,   UNUSED,  DATA  */ 
....................  const LCD_PIN_MAP LCD_OUTPUT_MAP =  {0,  0,    0,    0,       0}; 
....................  const LCD_PIN_MAP LCD_INPUT_MAP =   {0,  0,    0,    0,       0xF}; 
.................... #endif 
....................  
.................... ////////////////////// END CONFIGURATION /////////////////////////////////// 
....................  
.................... #ifndef LCD_ENABLE_PIN 
....................    #define lcd_output_enable(x) lcdlat.enable=x 
....................    #define lcd_enable_tris()   lcdtris.enable=0 
.................... #else 
....................    #define lcd_output_enable(x) output_bit(LCD_ENABLE_PIN, x) 
....................    #define lcd_enable_tris()  output_drive(LCD_ENABLE_PIN) 
.................... #endif 
....................  
.................... #ifndef LCD_RS_PIN 
....................    #define lcd_output_rs(x) lcdlat.rs=x 
....................    #define lcd_rs_tris()   lcdtris.rs=0 
.................... #else 
....................    #define lcd_output_rs(x) output_bit(LCD_RS_PIN, x) 
....................    #define lcd_rs_tris()  output_drive(LCD_RS_PIN) 
.................... #endif 
....................  
.................... #ifndef LCD_RW_PIN 
....................    #define lcd_output_rw(x) lcdlat.rw=x 
....................    #define lcd_rw_tris()   lcdtris.rw=0 
.................... #else 
....................    #define lcd_output_rw(x) output_bit(LCD_RW_PIN, x) 
....................    #define lcd_rw_tris()  output_drive(LCD_RW_PIN) 
.................... #endif 
....................  
.................... // original version of this library incorrectly labeled LCD_DATA0 as LCD_DATA4, 
.................... // LCD_DATA1 as LCD_DATA5, and so on.  this block of code makes the driver 
.................... // compatible with any code written for the original library 
.................... #if (defined(LCD_DATA0) && defined(LCD_DATA1) && defined(LCD_DATA2) && defined(LCD_DATA3) && !defined(LCD_DATA4) && !defined(LCD_DATA5) && !defined(LCD_DATA6) && !defined(LCD_DATA7)) 
....................    #define  LCD_DATA4    LCD_DATA0 
....................    #define  LCD_DATA5    LCD_DATA1 
....................    #define  LCD_DATA6    LCD_DATA2 
....................    #define  LCD_DATA7    LCD_DATA3 
.................... #endif 
....................  
.................... #ifndef LCD_DATA4 
.................... #ifndef LCD_DATA_PORT 
....................    #if defined(__PCB__) 
....................       #define LCD_DATA_PORT      0x06     //portb 
....................       #define set_tris_lcd(x)   set_tris_b(x) 
....................    #else 
....................      #if defined(PIN_D0) 
....................       #define LCD_DATA_PORT      getenv("SFR:PORTD")     //portd 
....................      #else 
....................       #define LCD_DATA_PORT      getenv("SFR:PORTB")     //portb 
....................      #endif 
....................    #endif    
.................... #endif 
....................  
.................... #if defined(__PCB__) 
....................    LCD_PIN_MAP lcd, lcdlat; 
....................    #byte lcd = LCD_DATA_PORT 
....................    #byte lcdlat = LCD_DATA_PORT 
.................... #elif defined(__PCM__) 
....................    LCD_PIN_MAP lcd, lcdlat, lcdtris; 
....................    #byte lcd = LCD_DATA_PORT 
....................    #byte lcdlat = LCD_DATA_PORT 
....................    #byte lcdtris = LCD_DATA_PORT+0x80 
.................... #elif defined(__PCH__) 
....................    LCD_PIN_MAP lcd, lcdlat, lcdtris; 
....................    #byte lcd = LCD_DATA_PORT 
....................    #byte lcdlat = LCD_DATA_PORT+9 
....................    #byte lcdtris = LCD_DATA_PORT+0x12 
.................... #elif defined(__PCD__) 
....................    LCD_PIN_MAP lcd, lcdlat, lcdtris; 
....................    #word lcd = LCD_DATA_PORT 
....................    #word lcdlat = LCD_DATA_PORT+2 
....................    #word lcdtris = LCD_DATA_PORT-0x02 
.................... #endif 
.................... #endif   //LCD_DATA4 not defined 
....................  
.................... #ifndef LCD_TYPE 
....................    #define LCD_TYPE 2           // 0=5x7, 1=5x10, 2=2 lines 
.................... #endif 
....................  
.................... #ifndef LCD_LINE_TWO 
....................    #define LCD_LINE_TWO 0x40    // LCD RAM address for the second line 
.................... #endif 
....................  
.................... BYTE const LCD_INIT_STRING[4] = {0x20 | (LCD_TYPE << 2), 0xc, 1, 6}; 
....................                              // These bytes need to be sent to the LCD 
....................                              // to start it up. 
....................  
.................... BYTE lcd_read_nibble(void); 
....................  
.................... BYTE lcd_read_byte(void) 
.................... { 
....................    BYTE low,high; 
....................  
....................  #if defined(__PCB__) 
....................    set_tris_lcd(LCD_INPUT_MAP); 
....................  #else 
....................   #if (defined(LCD_DATA4) && defined(LCD_DATA5) && defined(LCD_DATA6) && defined(LCD_DATA7)) 
....................    output_float(LCD_DATA4); 
*
00F0:  BSF    F95.4
....................    output_float(LCD_DATA5); 
00F2:  BSF    F95.5
....................    output_float(LCD_DATA6); 
00F4:  BSF    F95.6
....................    output_float(LCD_DATA7); 
00F6:  BSF    F95.7
....................   #else 
....................    lcdtris.data = 0xF; 
....................   #endif 
....................  #endif 
....................          
....................    lcd_output_rw(1); 
00F8:  BSF    F89.2
00FA:  BCF    F92.2
....................    delay_cycles(1); 
00FC:  NOP   
....................    lcd_output_enable(1); 
00FE:  BSF    F89.3
0100:  BCF    F92.3
....................    delay_cycles(1); 
0102:  NOP   
....................    high = lcd_read_nibble(); 
0104:  RCALL  009E
0106:  MOVFF  01,1D
....................        
....................    lcd_output_enable(0); 
010A:  BCF    F89.3
010C:  BCF    F92.3
....................    delay_cycles(1); 
010E:  NOP   
....................    lcd_output_enable(1); 
0110:  BSF    F89.3
0112:  BCF    F92.3
....................    delay_us(1); 
0114:  MOVLW  03
0116:  MOVWF  00
0118:  DECFSZ 00,F
011A:  BRA    0118
011C:  BRA    011E
....................    low = lcd_read_nibble(); 
011E:  RCALL  009E
0120:  MOVFF  01,1C
....................        
....................    lcd_output_enable(0); 
0124:  BCF    F89.3
0126:  BCF    F92.3
....................  
....................  #if defined(__PCB__) 
....................    set_tris_lcd(LCD_INPUT_MAP); 
....................  #else 
....................   #if (defined(LCD_DATA4) && defined(LCD_DATA5) && defined(LCD_DATA6) && defined(LCD_DATA7)) 
....................    output_drive(LCD_DATA4); 
0128:  BCF    F95.4
....................    output_drive(LCD_DATA5); 
012A:  BCF    F95.5
....................    output_drive(LCD_DATA6); 
012C:  BCF    F95.6
....................    output_drive(LCD_DATA7); 
012E:  BCF    F95.7
....................   #else 
....................    lcdtris.data = 0x0; 
....................   #endif 
....................  #endif 
....................  
....................    return( (high<<4) | low); 
0130:  SWAPF  1D,W
0132:  MOVWF  00
0134:  MOVLW  F0
0136:  ANDWF  00,F
0138:  MOVF   00,W
013A:  IORWF  1C,W
013C:  MOVWF  01
.................... } 
013E:  GOTO   0148 (RETURN)
....................  
.................... BYTE lcd_read_nibble(void) 
.................... { 
....................   #if (defined(LCD_DATA4) && defined(LCD_DATA5) && defined(LCD_DATA6) && defined(LCD_DATA7)) 
*
009E:  CLRF   1E
....................    BYTE n = 0x00; 
....................  
....................    /* Read the data port */ 
....................    n |= input(LCD_DATA4); 
00A0:  BSF    F95.4
00A2:  MOVLW  00
00A4:  BTFSC  F83.4
00A6:  MOVLW  01
00A8:  IORWF  1E,F
....................    n |= input(LCD_DATA5) << 1; 
00AA:  BSF    F95.5
00AC:  MOVLW  00
00AE:  BTFSC  F83.5
00B0:  MOVLW  01
00B2:  MOVWF  00
00B4:  BCF    FD8.0
00B6:  RLCF   00,F
00B8:  MOVF   00,W
00BA:  IORWF  1E,F
....................    n |= input(LCD_DATA6) << 2; 
00BC:  BSF    F95.6
00BE:  MOVLW  00
00C0:  BTFSC  F83.6
00C2:  MOVLW  01
00C4:  MOVWF  00
00C6:  RLCF   00,F
00C8:  RLCF   00,F
00CA:  MOVLW  FC
00CC:  ANDWF  00,F
00CE:  MOVF   00,W
00D0:  IORWF  1E,F
....................    n |= input(LCD_DATA7) << 3; 
00D2:  BSF    F95.7
00D4:  MOVLW  00
00D6:  BTFSC  F83.7
00D8:  MOVLW  01
00DA:  MOVWF  00
00DC:  RLCF   00,F
00DE:  RLCF   00,F
00E0:  RLCF   00,F
00E2:  MOVLW  F8
00E4:  ANDWF  00,F
00E6:  MOVF   00,W
00E8:  IORWF  1E,F
....................     
....................    return(n); 
00EA:  MOVFF  1E,01
....................   #else 
....................    return(lcd.data); 
....................   #endif 
.................... } 
00EE:  RETLW  00
....................  
.................... void lcd_send_nibble(BYTE n) 
.................... { 
....................   #if (defined(LCD_DATA4) && defined(LCD_DATA5) && defined(LCD_DATA6) && defined(LCD_DATA7)) 
....................    /* Write to the data port */ 
....................    output_bit(LCD_DATA4, bit_test(n, 0)); 
*
0058:  BTFSC  1D.0
005A:  BRA    0060
005C:  BCF    F8C.4
005E:  BRA    0062
0060:  BSF    F8C.4
0062:  BCF    F95.4
....................    output_bit(LCD_DATA5, bit_test(n, 1)); 
0064:  BTFSC  1D.1
0066:  BRA    006C
0068:  BCF    F8C.5
006A:  BRA    006E
006C:  BSF    F8C.5
006E:  BCF    F95.5
....................    output_bit(LCD_DATA6, bit_test(n, 2)); 
0070:  BTFSC  1D.2
0072:  BRA    0078
0074:  BCF    F8C.6
0076:  BRA    007A
0078:  BSF    F8C.6
007A:  BCF    F95.6
....................    output_bit(LCD_DATA7, bit_test(n, 3)); 
007C:  BTFSC  1D.3
007E:  BRA    0084
0080:  BCF    F8C.7
0082:  BRA    0086
0084:  BSF    F8C.7
0086:  BCF    F95.7
....................   #else       
....................    lcdlat.data = n; 
....................   #endif 
....................        
....................    delay_cycles(1); 
0088:  NOP   
....................    lcd_output_enable(1); 
008A:  BSF    F89.3
008C:  BCF    F92.3
....................    delay_us(2); 
008E:  MOVLW  07
0090:  MOVWF  00
0092:  DECFSZ 00,F
0094:  BRA    0092
0096:  BRA    0098
....................    lcd_output_enable(0); 
0098:  BCF    F89.3
009A:  BCF    F92.3
.................... } 
009C:  RETLW  00
....................  
.................... void lcd_send_byte(BYTE address, BYTE n) 
.................... { 
....................    lcd_output_rs(0); 
*
0142:  BCF    F89.1
0144:  BCF    F92.1
....................    while ( bit_test(lcd_read_byte(),7) ) ; 
0146:  BRA    00F0
0148:  MOVFF  01,1C
014C:  BTFSC  01.7
014E:  BRA    0146
....................    lcd_output_rs(address); 
0150:  MOVF   1A,F
0152:  BNZ   0158
0154:  BCF    F89.1
0156:  BRA    015A
0158:  BSF    F89.1
015A:  BCF    F92.1
....................    delay_cycles(1); 
015C:  NOP   
....................    lcd_output_rw(0); 
015E:  BCF    F89.2
0160:  BCF    F92.2
....................    delay_cycles(1); 
0162:  NOP   
....................    lcd_output_enable(0); 
0164:  BCF    F89.3
0166:  BCF    F92.3
....................    lcd_send_nibble(n >> 4); 
0168:  SWAPF  1B,W
016A:  MOVWF  1C
016C:  MOVLW  0F
016E:  ANDWF  1C,F
0170:  MOVFF  1C,1D
0174:  RCALL  0058
....................    lcd_send_nibble(n & 0xf); 
0176:  MOVF   1B,W
0178:  ANDLW  0F
017A:  MOVWF  1C
017C:  MOVWF  1D
017E:  RCALL  0058
.................... } 
0180:  RETLW  00
....................  
.................... void lcd_init(void)  
.................... { 
....................    BYTE i; 
....................  
....................  #if defined(__PCB__) 
....................    set_tris_lcd(LCD_OUTPUT_MAP); 
....................  #else 
....................   #if (defined(LCD_DATA4) && defined(LCD_DATA5) && defined(LCD_DATA6) && defined(LCD_DATA7)) 
....................    output_drive(LCD_DATA4); 
0182:  BCF    F95.4
....................    output_drive(LCD_DATA5); 
0184:  BCF    F95.5
....................    output_drive(LCD_DATA6); 
0186:  BCF    F95.6
....................    output_drive(LCD_DATA7); 
0188:  BCF    F95.7
....................   #else 
....................    lcdtris.data = 0x0; 
....................   #endif 
....................    lcd_enable_tris(); 
018A:  BCF    F92.3
....................    lcd_rs_tris(); 
018C:  BCF    F92.1
....................    lcd_rw_tris(); 
018E:  BCF    F92.2
....................  #endif 
....................  
....................    lcd_output_rs(0); 
0190:  BCF    F89.1
0192:  BCF    F92.1
....................    lcd_output_rw(0); 
0194:  BCF    F89.2
0196:  BCF    F92.2
....................    lcd_output_enable(0); 
0198:  BCF    F89.3
019A:  BCF    F92.3
....................      
....................    delay_ms(15); 
019C:  MOVLW  0F
019E:  MOVWF  16
01A0:  RCALL  0030
....................    for(i=1;i<=3;++i) 
01A2:  MOVLW  01
01A4:  MOVWF  09
01A6:  MOVF   09,W
01A8:  SUBLW  03
01AA:  BNC   01BC
....................    { 
....................        lcd_send_nibble(3); 
01AC:  MOVLW  03
01AE:  MOVWF  1D
01B0:  RCALL  0058
....................        delay_ms(5); 
01B2:  MOVLW  05
01B4:  MOVWF  16
01B6:  RCALL  0030
....................    } 
01B8:  INCF   09,F
01BA:  BRA    01A6
....................      
....................    lcd_send_nibble(2); 
01BC:  MOVLW  02
01BE:  MOVWF  1D
01C0:  RCALL  0058
....................    for(i=0;i<=3;++i) 
01C2:  CLRF   09
01C4:  MOVF   09,W
01C6:  SUBLW  03
01C8:  BNC   01E6
....................       lcd_send_byte(0,LCD_INIT_STRING[i]); 
01CA:  CLRF   03
01CC:  MOVF   09,W
01CE:  MOVFF  FF2,0A
01D2:  BCF    FF2.7
01D4:  RCALL  0004
01D6:  BTFSC  0A.7
01D8:  BSF    FF2.7
01DA:  MOVWF  0A
01DC:  CLRF   1A
01DE:  MOVWF  1B
01E0:  RCALL  0142
01E2:  INCF   09,F
01E4:  BRA    01C4
.................... } 
01E6:  GOTO   0406 (RETURN)
....................  
.................... void lcd_gotoxy(BYTE x, BYTE y) 
.................... { 
....................    BYTE address; 
....................  
....................    if(y!=1) 
01EA:  DECFSZ 17,W
01EC:  BRA    01F0
01EE:  BRA    01F6
....................       address=LCD_LINE_TWO; 
01F0:  MOVLW  40
01F2:  MOVWF  18
....................    else 
01F4:  BRA    01F8
....................       address=0; 
01F6:  CLRF   18
....................       
....................    address+=x-1; 
01F8:  MOVLW  01
01FA:  SUBWF  16,W
01FC:  ADDWF  18,F
....................    lcd_send_byte(0,0x80|address); 
01FE:  MOVF   18,W
0200:  IORLW  80
0202:  MOVWF  19
0204:  CLRF   1A
0206:  MOVWF  1B
0208:  RCALL  0142
.................... } 
020A:  RETLW  00
....................  
.................... //------------------------------------------------------------------------------------ 
.................... //añadido por mi 31/jul/2013 para usar las direcciones del LCD para varias líneas 
.................... //0x80 1a línea 
.................... //0xC0 2a línea 
.................... //0x90 3a línea 
.................... //0xD0 4a línea 
.................... void lcd_pos(BYTE address) 
.................... { 
....................    lcd_send_byte(0,address); 
.................... } 
....................  
.................... void lcd_putc(char c) 
.................... { 
....................    switch (c) 
....................    { 
020C:  MOVF   15,W
020E:  XORLW  0C
0210:  BZ    021C
0212:  XORLW  06
0214:  BZ    022C
0216:  XORLW  02
0218:  BZ    0238
021A:  BRA    0242
....................       case '\f'   :  lcd_send_byte(0,1); 
021C:  CLRF   1A
021E:  MOVLW  01
0220:  MOVWF  1B
0222:  RCALL  0142
....................                      delay_ms(2); 
0224:  MOVLW  02
0226:  MOVWF  16
0228:  RCALL  0030
....................                      break; 
022A:  BRA    024E
....................                       
....................       case '\n'   : lcd_gotoxy(1,2);        break; 
022C:  MOVLW  01
022E:  MOVWF  16
0230:  MOVLW  02
0232:  MOVWF  17
0234:  RCALL  01EA
0236:  BRA    024E
....................       
....................       case '\b'   : lcd_send_byte(0,0x10);  break; 
0238:  CLRF   1A
023A:  MOVLW  10
023C:  MOVWF  1B
023E:  RCALL  0142
0240:  BRA    024E
....................       
....................       default     : lcd_send_byte(1,c);     break; 
0242:  MOVLW  01
0244:  MOVWF  1A
0246:  MOVFF  15,1B
024A:  RCALL  0142
024C:  BRA    024E
....................    } 
.................... } 
024E:  RETLW  00
....................   
.................... char lcd_getc(BYTE x, BYTE y) 
.................... { 
....................    char value; 
....................  
....................    lcd_gotoxy(x,y); 
....................    while ( bit_test(lcd_read_byte(),7) ); // wait until busy flag is low 
....................    lcd_output_rs(1); 
....................    value = lcd_read_byte(); 
....................    lcd_output_rs(0); 
....................     
....................    return(value); 
.................... } 
....................  
....................      
....................      
....................      
.................... void main() 
.................... { 
*
0396:  CLRF   FF8
0398:  BCF    FD0.7
039A:  CLRF   FEA
039C:  CLRF   FE9
039E:  MOVF   FC1,W
03A0:  ANDLW  C0
03A2:  IORLW  0F
03A4:  MOVWF  FC1
03A6:  MOVLW  07
03A8:  MOVWF  FB4
....................  
....................    setup_adc_ports(NO_ANALOGS|VSS_VDD); 
03AA:  MOVF   FC1,W
03AC:  ANDLW  C0
03AE:  IORLW  0F
03B0:  MOVWF  FC1
....................    setup_adc(ADC_CLOCK_DIV_2); 
03B2:  BCF    FC0.0
03B4:  BCF    FC0.1
03B6:  BCF    FC0.2
03B8:  BCF    FC0.7
03BA:  BSF    FC2.0
....................    setup_psp(PSP_DISABLED); 
03BC:  BCF    F96.4
....................    setup_spi(SPI_SS_DISABLED); 
03BE:  BCF    FC6.5
03C0:  BCF    F94.7
03C2:  BSF    F93.0
03C4:  BCF    F93.1
03C6:  MOVLW  01
03C8:  MOVWF  FC6
03CA:  MOVLW  00
03CC:  MOVWF  FC7
....................    setup_wdt(WDT_OFF); 
03CE:  BCF    FD1.0
....................    setup_timer_0(RTCC_INTERNAL); 
03D0:  MOVLW  80
03D2:  MOVWF  FD5
....................    setup_timer_1(T1_DISABLED); 
03D4:  CLRF   FCD
....................    setup_timer_2(T2_DISABLED,0,1); 
03D6:  MOVLW  00
03D8:  MOVWF  FCA
03DA:  MOVLW  00
03DC:  MOVWF  FCB
....................    setup_comparator(NC_NC_NC_NC); 
03DE:  MOVLW  07
03E0:  MOVWF  FB4
03E2:  MOVF   F92,W
03E4:  MOVWF  F92
03E6:  MOVLW  27
03E8:  MOVWF  00
03EA:  DECFSZ 00,F
03EC:  BRA    03EA
03EE:  BRA    03F0
03F0:  MOVF   FB4,W
03F2:  BCF    FA1.6
....................    setup_vref(FALSE); 
03F4:  CLRF   FB5
.................... //Setup_Oscillator parameter not selected from Intr Oscillator Config tab 
....................  
....................  
....................    set_tris_a(0x0);                   //configura la puerto a como salidas 
03F6:  MOVLW  00
03F8:  MOVWF  F92
....................    set_tris_b(0x0F);                   //configura la puerto b parte alta como salidas parte baja entradas 
03FA:  MOVLW  0F
03FC:  MOVWF  F93
....................    set_tris_c(0x0);                   //configura la puerto c como salidas 
03FE:  MOVLW  00
0400:  MOVWF  F94
....................    set_tris_d(0x0);                   //configura la puerto d como salidas 
0402:  MOVWF  F95
....................     
....................       int32 tiempo; 
....................       lcd_init();                         //Inicializa el lcd 
0404:  BRA    0182
....................       printf(lcd_putc,"\fPRUEBA MATERIA"); 
0406:  MOVLW  18
0408:  MOVWF  FF6
040A:  MOVLW  00
040C:  MOVWF  FF7
040E:  RCALL  0250
....................       printf(lcd_putc,"\nMICROS"); 
0410:  MOVLW  28
0412:  MOVWF  FF6
0414:  MOVLW  00
0416:  MOVWF  FF7
0418:  RCALL  0250
....................       tiempo = 0; 
041A:  CLRF   08
041C:  CLRF   07
041E:  CLRF   06
0420:  CLRF   05
....................       while(true) 
....................       { 
....................             lcd_gotoxy(10,2); 
0422:  MOVLW  0A
0424:  MOVWF  16
0426:  MOVLW  02
0428:  MOVWF  17
042A:  RCALL  01EA
....................             printf(lcd_putc,"%5Lu",tiempo); 
042C:  MOVLW  05
042E:  MOVWF  FE9
0430:  MOVFF  08,0C
0434:  MOVFF  07,0B
0438:  MOVFF  06,0A
043C:  MOVFF  05,09
0440:  BRA    02EA
....................             delay_ms(1000); 
0442:  MOVLW  04
0444:  MOVWF  09
0446:  MOVLW  FA
0448:  MOVWF  16
044A:  RCALL  0030
044C:  DECFSZ 09,F
044E:  BRA    0446
....................             tiempo++; 
0450:  MOVLW  01
0452:  ADDWF  05,F
0454:  BTFSC  FD8.0
0456:  INCF   06,F
0458:  BTFSC  FD8.2
045A:  INCF   07,F
045C:  BTFSC  FD8.2
045E:  INCF   08,F
....................       } 
0460:  BRA    0422
.................... } 
....................  
....................  
0462:  SLEEP 

Configuration Fuses:
   Word  1: 0E20   NOIESO NOFCMEN HSPLL PLL1 CPUDIV1 USBDIV
   Word  2: 0E39   NOBROWNOUT WDT128 NOWDT BORV20 NOPUT VREGEN
   Word  3: 8700   PBADEN CCP2C1 MCLR LPT1OSC
   Word  4: 0081   STVREN NODEBUG NOLVP NOXINST NOICPRT
   Word  5: 4000   PROTECT CPD NOCPB
   Word  6: E00F   NOWRT NOWRTD NOWRTC NOWRTB
   Word  7: 400F   NOEBTR NOEBTRB
