
ROM used: 446 (1%)
          446 (1%) including unused fragments

          1 Average locations per line
          8 Average locations per statement

RAM used: 5 (0%) at main() level
          28 (1%) worst case

Stack used: 1 worst case (out of 31 total available)

Lines Stmts  %   Files
----- ----- ---  -----
  124    59 100  09 Display seg_6 analog.c
  451     0   0  C:\Program Files (x86)\PICC\devices\18F4550.h
----- -----
  575    59 Total

Page ROM  %  RAM   Vol Diff  Functions:
---- --- --- ---   --- ----  ----------
0     40   4   1             @delay_ms1
0    364  41   1  2306  7.6  main
0     38   4   0   751  4.5  @goto10055

Program metrics:
    Functions               2
    Statements              59
    Comments                113
    Volume (V)              3436
    Difficilty (D)          12.1
    Effort to implement (E) 41436
    Time to implement (T)   38 minutes
    Est Delivered Bugs (B)  0
    Cyclomatic Complexity   7
    Maintainability (MI)    37

 Segment     Used  Free
-----------  ----  ----
00000-00002     4  0  
00004-07FFE   442  32322  



