
ROM used: 604 (2%)
          604 (2%) including unused fragments

          1 Average locations per line
          7 Average locations per statement

RAM used: 6 (0%) at main() level
          35 (2%) worst case

Stack used: 1 worst case (out of 31 total available)

Lines Stmts  %   Files
----- ----- ---  -----
  156    85 100  09 Display seg_6b.c
  451     0   0  C:\Program Files (x86)\PICC\devices\18F4550.h
----- -----
  607    85 Total

Page ROM  %  RAM   Vol Diff  Functions:
---- --- --- ---   --- ----  ----------
0     40   3   1             @delay_ms1
0    522  43   2  3906  9.7  main
0     38   3   0             @goto10057

Program metrics:
    Functions               1
    Statements              85
    Comments                111
    Volume (V)              3912
    Difficilty (D)          9.6
    Effort to implement (E) 37663
    Time to implement (T)   35 minutes
    Est Delivered Bugs (B)  0
    Cyclomatic Complexity   14
    Maintainability (MI)    24

 Segment     Used  Free
-----------  ----  ----
00000-00002     4  0  
00004-07FFE   600  32164  



