
ROM used: 902 (44%)
          902 (44%) including unused fragments

          3 Average locations per line
          35 Average locations per statement

RAM used: 5 (4%) at main() level
          34 (27%) worst case

Stack used: 2 worst case (out of 8 total available)

Lines Stmts  %   Files
----- ----- ---  -----
   65    26 100  main.c
  282     0   0  ..\..\..\..\..\..\Program Files (x86)\PICC\devices\12F683.h
----- -----
  347    26 Total

Page ROM  %  RAM   Vol Diff  Functions:
---- --- --- ---   --- ----  ----------
0     19   2   1             @delay_ms1
0     34   4   1             @PUTCHAR_1_
0    281  31   1   821  5.3  main
0     29   3   2             @ITOF
0    117  13  13  2047  7.4  @MULFF
0     29   3   0             @const77
0     88  10   8   983  3.4  @PRINTF_LU_59
 Inline        5   209  4.3  @FTOSD
0     78   9  13   353  5.6  @DIV3232
0    223  25  11   252  3.6  @PRINTF_L32D_59FPFPF

Program metrics:
    Functions               6
    Statements              26
    Comments                79
    Volume (V)              6351
    Difficilty (D)          29.6
    Effort to implement (E) 188105
    Time to implement (T)   2 hours, 54 minutes
    Est Delivered Bugs (B)  1
    Cyclomatic Complexity   41
    Maintainability (MI)    79

 Segment     Used  Free
-----------  ----  ----
00000-00003     4  0  
00004-007FF   898  1146  



