
ROM used: 268 (1%)
          268 (1%) including unused fragments

          0 Average locations per line
          8 Average locations per statement

RAM used: 5 (0%) at main() level
          7 (0%) worst case

Stack used: 1 worst case (out of 31 total available)

Lines Stmts  %   Files
----- ----- ---  -----
   91    35 100  03 PB1 on off.c
  451     0   0  C:\Program Files (x86)\PICC\devices\18F4550.h
----- -----
  542    35 Total

Page ROM  %  RAM   Vol Diff  Functions:
---- --- --- ---   --- ----  ----------
0     40   7   1             @delay_ms1
0    224  42   1   966  5.3  main

Program metrics:
    Functions               1
    Statements              35
    Comments                107
    Volume (V)              969
    Difficilty (D)          5.3
    Effort to implement (E) 5107
    Time to implement (T)   5 minutes
    Est Delivered Bugs (B)  0
    Cyclomatic Complexity   1
    Maintainability (MI)    62

 Segment     Used  Free
-----------  ----  ----
00000-00002     4  0  
00004-07FFE   264  32500  



