
ROM used: 334 (1%)
          334 (1%) including unused fragments

          1 Average locations per line
          9 Average locations per statement

RAM used: 5 (0%) at main() level
          7 (0%) worst case

Stack used: 1 worst case (out of 31 total available)

Lines Stmts  %   Files
----- ----- ---  -----
   91    36 100  06 Display seg_3.c
  451     0   0  C:\Program Files (x86)\PICC\devices\18F4550.h
----- -----
  542    36 Total

Page ROM  %  RAM   Vol Diff  Functions:
---- --- --- ---   --- ----  ----------
0     40   6   1             @delay_ms1
0    290  43   1   974  4.9  main

Program metrics:
    Functions               1
    Statements              36
    Comments                116
    Volume (V)              977
    Difficilty (D)          4.8
    Effort to implement (E) 4691
    Time to implement (T)   4 minutes
    Est Delivered Bugs (B)  0
    Cyclomatic Complexity   1
    Maintainability (MI)    35

 Segment     Used  Free
-----------  ----  ----
00000-00002     4  0  
00004-07FFE   330  32434  



