
ROM used: 300 (1%)
          300 (1%) including unused fragments

          1 Average locations per line
          8 Average locations per statement

RAM used: 5 (0%) at main() level
          9 (0%) worst case

Stack used: 1 worst case (out of 31 total available)

Lines Stmts  %   Files
----- ----- ---  -----
   94    36 100  01 PWM soft.c
  451     0   0  C:\Program Files (x86)\PICC\devices\18F4550.h
----- -----
  545    36 Total

Page ROM  %  RAM   Vol Diff  Functions:
---- --- --- ---   --- ----  ----------
0     40   7   1             @delay_ms1
0    256  43   1  1030  6.3  main

Program metrics:
    Functions               1
    Statements              36
    Comments                109
    Volume (V)              1032
    Difficilty (D)          6.2
    Effort to implement (E) 6448
    Time to implement (T)   6 minutes
    Est Delivered Bugs (B)  0
    Cyclomatic Complexity   5
    Maintainability (MI)    53

 Segment     Used  Free
-----------  ----  ----
00000-00002     4  0  
00004-07FFE   296  32468  



