
ROM used: 786 (2%)
          786 (2%) including unused fragments

          1 Average locations per line
          7 Average locations per statement

RAM used: 7 (0%) at main() level
          30 (1%) worst case

Stack used: 1 worst case (out of 31 total available)

Lines Stmts  %   Files
----- ----- ---  -----
  136   112 100  03 PWM soft.c
  451     0   0  C:\Program Files (x86)\PICC\devices\18F4550.h
   30     0   0  C:\Program Files (x86)\PICC\devices\18Fconfig1.h
----- -----
  617   112 Total

Page ROM  %  RAM   Vol Diff  Functions:
---- --- --- ---   --- ----  ----------
0     40   3   1             @delay_ms1
0    742  47   3  5014  8.0  main

Program metrics:
    Functions               1
    Statements              112
    Comments                110
    Volume (V)              5017
    Difficilty (D)          7.9
    Effort to implement (E) 39850
    Time to implement (T)   37 minutes
    Est Delivered Bugs (B)  0
    Cyclomatic Complexity   38
    Maintainability (MI)    16

 Segment     Used  Free
-----------  ----  ----
00000-00002     4  0  
00004-07FFE   782  31982  



