
ROM used: 220 (1%)
          220 (1%) including unused fragments

          0 Average locations per line
          9 Average locations per statement

RAM used: 5 (0%) at main() level
          7 (0%) worst case

Stack used: 1 worst case (out of 31 total available)

Lines Stmts  %   Files
----- ----- ---  -----
   83    24 100  01 Push buttom.c
  451     0   0  C:\Program Files (x86)\PICC\devices\18F4550.h
----- -----
  534    24 Total

Page ROM  %  RAM   Vol Diff  Functions:
---- --- --- ---   --- ----  ----------
0     40   9   1             @delay_ms1
0    176  40   1   679  6.3  main

Program metrics:
    Functions               1
    Statements              24
    Comments                107
    Volume (V)              682
    Difficilty (D)          6.1
    Effort to implement (E) 4190
    Time to implement (T)   4 minutes
    Est Delivered Bugs (B)  0
    Cyclomatic Complexity   2
    Maintainability (MI)    70

 Segment     Used  Free
-----------  ----  ----
00000-00002     4  0  
00004-07FFE   216  32548  



